[2024-04-05 21:56:57] [INFO] root: Done downloading: Can We Kiss Forever?
[2024-04-05 21:57:07] [INFO] root: Done downloading: idfc
[2024-04-05 21:57:22] [WARNING] eyed3.mp3.headers: Lame tag CRC check failed
[2024-04-05 21:57:22] [INFO] root: Done downloading: Freaks
[2024-04-05 21:57:27] [WARNING] eyed3.mp3.headers: Lame tag CRC check failed
[2024-04-05 21:57:27] [INFO] root: Done downloading: Another Love
[2024-04-05 21:57:45] [WARNING] eyed3.mp3.headers: Lame tag CRC check failed
[2024-04-05 21:57:45] [INFO] root: Done downloading: Stereo Hearts (feat. Adam Levine)
[2024-04-05 21:57:45] [INFO] root: Done downloading: Demons
[2024-04-05 21:58:03] [INFO] root: Done downloading: Fly Me to the Moon
[2024-04-05 21:58:10] [WARNING] eyed3.mp3.headers: Lame tag CRC check failed
[2024-04-05 21:58:11] [INFO] root: Done downloading: Eenie Meenie
[2024-04-05 21:58:29] [WARNING] eyed3.mp3.headers: Lame tag CRC check failed
[2024-04-05 21:58:29] [INFO] root: Done downloading: Levitating (Made Popular By Dua Lipa ft. DaBaby) [Vocal Version]
[2024-04-05 21:58:33] [INFO] root: Done downloading: Faster Car
[2024-04-05 21:58:55] [INFO] root: Done downloading: My Ordinary Life
[2024-04-05 21:59:00] [INFO] root: Done downloading: Little Dark Age
[2024-04-05 21:59:19] [INFO] root: Done downloading: Broken Angel (feat. Helena)
[2024-04-05 21:59:20] [INFO] root: Done downloading: Cradles
[2024-04-05 21:59:29] [INFO] root: Done downloading: SugarCrash!
[2024-04-05 21:59:31] [WARNING] eyed3.mp3.headers: Lame tag CRC check failed
[2024-04-05 21:59:31] [INFO] root: Done downloading: Overwhelmed (Ryan Mack Remix)
[2024-04-05 21:59:44] [INFO] root: Done downloading: House of Memories
[2024-04-05 22:00:00] [INFO] root: Done downloading: At My Worst
[2024-04-05 22:00:03] [INFO] root: Done downloading: Hymn for the Weekend
[2024-04-05 22:00:15] [INFO] root: Done downloading: Peaky Blinder
[2024-04-05 22:00:17] [WARNING] eyed3.mp3.headers: Lame tag CRC check failed
[2024-04-05 22:00:17] [INFO] root: Done downloading: stay with me
[2024-04-05 22:00:29] [INFO] root: Done downloading: Bad Habit
[2024-04-05 22:00:44] [WARNING] eyed3.mp3.headers: Lame tag CRC check failed
[2024-04-05 22:00:44] [INFO] root: Done downloading: Fly Me to the Moon
[2024-04-05 22:00:45] [WARNING] eyed3.mp3.headers: Lame tag CRC check failed
[2024-04-05 22:00:45] [INFO] root: Done downloading: Happy Face
[2024-04-05 22:01:00] [INFO] root: Done downloading: death bed (feat. beabadoobee & blink-182) - bonus remix
[2024-04-05 22:01:09] [INFO] root: Done downloading: Hadal Ahbek Slowed Reverb - Remix
[2024-04-05 22:01:24] [WARNING] eyed3.mp3.headers: Lame tag CRC check failed
[2024-04-05 22:01:24] [INFO] root: Done downloading: Mayonaka no Door / Stay With Me
[2024-04-05 22:01:37] [WARNING] eyed3.mp3.headers: Lame tag CRC check failed
[2024-04-05 22:01:37] [INFO] root: Done downloading: Iraaday
[2024-04-05 22:01:47] [INFO] root: Done downloading: Ik Lamha
[2024-04-05 22:01:54] [INFO] root: Done downloading: this is what falling in love feels like
[2024-04-05 22:02:05] [WARNING] eyed3.mp3.headers: Lame tag CRC check failed
[2024-04-05 22:02:05] [INFO] root: Done downloading: Eyes Closed
[2024-04-05 22:02:15] [INFO] root: Done downloading: Faasle
[2024-04-05 22:02:29] [WARNING] eyed3.mp3.headers: Lame tag CRC check failed
[2024-04-05 22:02:29] [INFO] root: Done downloading: Sway
[2024-04-05 22:02:38] [WARNING] eyed3.mp3.headers: Lame tag CRC check failed
[2024-04-05 22:02:38] [INFO] root: Done downloading: People
[2024-04-05 22:02:48] [INFO] root: Done downloading: Stereo Love
